<?xml version="1.0" encoding="utf-8"?><testsuites name="pytest tests"><testsuite name="pytest" errors="0" failures="0" skipped="0" tests="10" time="1.237" timestamp="2026-06-24T20:10:38.796157+00:00" hostname="agent-env-5b92cace-3149-4ee3-9c0a-8af029eefa98"><testcase classname="backend.tests.backend_test.TestHealth" name="test_health_ok" time="0.342" /><testcase classname="backend.tests.backend_test.TestHealth" name="test_root_ok" time="0.086" /><testcase classname="backend.tests.backend_test.TestCors" name="test_cors_preflight" time="0.071" /><testcase classname="backend.tests.backend_test.TestServiceRequestCreate" name="test_create_success_minimum_payload" time="0.163" /><testcase classname="backend.tests.backend_test.TestServiceRequestCreate" name="test_create_with_full_payload" time="0.073" /><testcase classname="backend.tests.backend_test.TestServiceRequestValidation" name="test_missing_required_fields" time="0.076" /><testcase classname="backend.tests.backend_test.TestServiceRequestValidation" name="test_missing_one_required" time="0.064" /><testcase classname="backend.tests.backend_test.TestServiceRequestValidation" name="test_invalid_email" time="0.067" /><testcase classname="backend.tests.backend_test.TestServiceRequestValidation" name="test_name_too_short" time="0.059" /><testcase classname="backend.tests.backend_test.TestServiceRequestList" name="test_list_limit_and_sort" time="0.076" /></testsuite></testsuites>